2024-12-15T16:02:57.191+09:00  INFO 5994 --- [honbab] [main] startspring.BatchRestaruntApplication    : Starting BatchRestaruntApplication using Java 17.0.12 with PID 5994 (/Users/jisu/Desktop/startspring/batch-restarunt/build/classes/java/main started by jisu in /Users/jisu/Desktop/startspring/batch-restarunt)
2024-12-15T16:02:57.192+09:00  INFO 5994 --- [honbab] [main] startspring.BatchRestaruntApplication    : The following 2 profiles are active: "prod", "common"
2024-12-15T16:02:57.460+09:00  INFO 5994 --- [honbab] [main] .s.d.r.c.RepositoryConfigurationDelegate : Bootstrapping Spring Data JPA repositories in DEFAULT mode.
2024-12-15T16:02:57.491+09:00  INFO 5994 --- [honbab] [main] .s.d.r.c.RepositoryConfigurationDelegate : Finished Spring Data repository scanning in 27 ms. Found 1 JPA repository interface.
2024-12-15T16:02:57.919+09:00  INFO 5994 --- [honbab] [main] o.s.b.w.embedded.tomcat.TomcatWebServer  : Tomcat initialized with port 8081 (http)
2024-12-15T16:02:57.927+09:00  INFO 5994 --- [honbab] [main] o.apache.catalina.core.StandardService   : Starting service [Tomcat]
2024-12-15T16:02:57.927+09:00  INFO 5994 --- [honbab] [main] o.apache.catalina.core.StandardEngine    : Starting Servlet engine: [Apache Tomcat/10.1.33]
2024-12-15T16:02:57.963+09:00  INFO 5994 --- [honbab] [main] o.a.c.c.C.[Tomcat].[localhost].[/]       : Initializing Spring embedded WebApplicationContext
2024-12-15T16:02:57.963+09:00  INFO 5994 --- [honbab] [main] w.s.c.ServletWebServerApplicationContext : Root WebApplicationContext: initialization completed in 750 ms
2024-12-15T16:02:57.982+09:00  INFO 5994 --- [honbab] [main] com.zaxxer.hikari.HikariDataSource       : HikariPool-1 - Starting...
2024-12-15T16:02:58.163+09:00  INFO 5994 --- [honbab] [main] com.zaxxer.hikari.pool.HikariPool        : HikariPool-1 - Added connection com.mysql.cj.jdbc.ConnectionImpl@539fc5d1
2024-12-15T16:02:58.164+09:00  INFO 5994 --- [honbab] [main] com.zaxxer.hikari.HikariDataSource       : HikariPool-1 - Start completed.
2024-12-15T16:02:58.170+09:00  INFO 5994 --- [honbab] [main] o.s.b.a.h2.H2ConsoleAutoConfiguration    : H2 console available at '/h2-console'. Database available at 'jdbc:mysql://localhost:3306/honbab_db'
2024-12-15T16:02:58.297+09:00  INFO 5994 --- [honbab] [main] o.hibernate.jpa.internal.util.LogHelper  : HHH000204: Processing PersistenceUnitInfo [name: default]
2024-12-15T16:02:58.328+09:00  INFO 5994 --- [honbab] [main] org.hibernate.Version                    : HHH000412: Hibernate ORM core version 6.6.2.Final
2024-12-15T16:02:58.345+09:00  INFO 5994 --- [honbab] [main] o.h.c.internal.RegionFactoryInitiator    : HHH000026: Second-level cache disabled
2024-12-15T16:02:58.514+09:00  INFO 5994 --- [honbab] [main] o.s.o.j.p.SpringPersistenceUnitInfo      : No LoadTimeWeaver setup: ignoring JPA class transformer
2024-12-15T16:02:58.557+09:00  WARN 5994 --- [honbab] [main] org.hibernate.orm.deprecation            : HHH90000025: MySQLDialect does not need to be specified explicitly using 'hibernate.dialect' (remove the property setting and it will be selected by default)
2024-12-15T16:02:58.564+09:00  INFO 5994 --- [honbab] [main] org.hibernate.orm.connections.pooling    : HHH10001005: Database info:
	Database JDBC URL [Connecting through datasource 'HikariDataSource (HikariPool-1)']
	Database driver: undefined/unknown
	Database version: 9.0.1
	Autocommit mode: undefined/unknown
	Isolation level: undefined/unknown
	Minimum pool size: undefined/unknown
	Maximum pool size: undefined/unknown
2024-12-15T16:02:58.980+09:00  INFO 5994 --- [honbab] [main] o.h.e.t.j.p.i.JtaPlatformInitiator       : HHH000489: No JTA platform available (set 'hibernate.transaction.jta.platform' to enable JTA platform integration)
2024-12-15T16:02:59.017+09:00  INFO 5994 --- [honbab] [main] j.LocalContainerEntityManagerFactoryBean : Initialized JPA EntityManagerFactory for persistence unit 'default'
2024-12-15T16:02:59.597+09:00  INFO 5994 --- [honbab] [main] o.s.b.w.embedded.tomcat.TomcatWebServer  : Tomcat started on port 8081 (http) with context path '/'
2024-12-15T16:02:59.605+09:00  INFO 5994 --- [honbab] [main] startspring.BatchRestaruntApplication    : Started BatchRestaruntApplication in 2.704 seconds (process running for 3.164)
2024-12-15T16:02:59.606+09:00  INFO 5994 --- [honbab] [main] o.s.b.a.b.JobLauncherApplicationRunner   : Running default command line with: []
2024-12-15T16:02:59.644+09:00  INFO 5994 --- [honbab] [main] o.s.b.c.l.s.TaskExecutorJobLauncher      : Job: [SimpleJob: [name=jsonToDbJob]] launched with the following parameters: [{'run.id':'{value=5, type=class java.lang.Long, identifying=true}'}]
2024-12-15T16:02:59.664+09:00  INFO 5994 --- [honbab] [main] o.s.batch.core.job.SimpleStepHandler     : Executing step: [stepForJson]
2024-12-15T16:03:04.392+09:00  INFO 5994 --- [honbab] [main] o.s.batch.core.step.AbstractStep         : Step: [stepForJson] executed in 4s727ms
2024-12-15T16:03:04.395+09:00  INFO 5994 --- [honbab] [main] o.s.b.c.l.s.TaskExecutorJobLauncher      : Job: [SimpleJob: [name=jsonToDbJob]] completed with the following parameters: [{'run.id':'{value=5, type=class java.lang.Long, identifying=true}'}] and the following status: [COMPLETED] in 4s743ms
